<?xml version="1.0" encoding="UTF-8"?>
<coverage generated="1551828910595" clover="3.2.0">
  <project timestamp="1551828910596" name="All files">
    <metrics statements="36" coveredstatements="35" conditionals="19" coveredconditionals="17" methods="4" coveredmethods="4" elements="59" coveredelements="56" complexity="0" loc="36" ncloc="36" packages="1" files="1" classes="1"/>
    <file name="markov.js" path="/Users/Junsu/Developer/RITHM/PRACTICE/NOT_PYTHON_STUFF/March5/rithm-node-markov/markov.js">
      <metrics statements="36" coveredstatements="35" conditionals="19" coveredconditionals="17" methods="4" coveredmethods="4"/>
      <line num="9" count="2" type="stmt"/>
      <line num="10" count="152" type="stmt"/>
      <line num="11" count="2" type="stmt"/>
      <line num="20" count="3" type="stmt"/>
      <line num="22" count="3" type="stmt"/>
      <line num="24" count="228" type="stmt"/>
      <line num="25" count="228" type="stmt"/>
      <line num="27" count="228" type="cond" truecount="2" falsecount="0"/>
      <line num="28" count="225" type="stmt"/>
      <line num="34" count="228" type="cond" truecount="4" falsecount="0"/>
      <line num="35" count="27" type="stmt"/>
      <line num="36" count="201" type="cond" truecount="1" falsecount="1"/>
      <line num="37" count="201" type="cond" truecount="4" falsecount="0"/>
      <line num="38" count="24" type="stmt"/>
      <line num="43" count="228" type="cond" truecount="2" falsecount="0"/>
      <line num="44" count="90" type="stmt"/>
      <line num="46" count="138" type="stmt"/>
      <line num="50" count="3" type="stmt"/>
      <line num="57" count="5" type="stmt"/>
      <line num="58" count="5" type="stmt"/>
      <line num="61" count="5" type="stmt"/>
      <line num="63" count="5" type="stmt"/>
      <line num="65" count="5" type="stmt"/>
      <line num="67" count="5" type="stmt"/>
      <line num="68" count="273" type="stmt"/>
      <line num="70" count="273" type="stmt"/>
      <line num="71" count="273" type="cond" truecount="1" falsecount="1"/>
      <line num="72" count="0" type="stmt"/>
      <line num="74" count="273" type="stmt"/>
      <line num="75" count="273" type="cond" truecount="2" falsecount="0"/>
      <line num="76" count="3" type="stmt"/>
      <line num="78" count="270" type="stmt"/>
      <line num="79" count="270" type="stmt"/>
      <line num="82" count="5" type="stmt"/>
      <line num="84" count="5" type="stmt"/>
      <line num="91" count="1" type="stmt"/>
    </file>
  </project>
</coverage>
