{"/Users/Junsu/Developer/RITHM/PRACTICE/NOT_PYTHON_STUFF/March5/rithm-node-markov/markov.js": {"path":"/Users/Junsu/Developer/RITHM/PRACTICE/NOT_PYTHON_STUFF/March5/rithm-node-markov/markov.js","statementMap":{"0":{"start":{"line":9,"column":16},"end":{"line":9,"column":38}},"1":{"start":{"line":10,"column":4},"end":{"line":10,"column":45}},"2":{"start":{"line":10,"column":35},"end":{"line":10,"column":43}},"3":{"start":{"line":11,"column":4},"end":{"line":11,"column":35}},"4":{"start":{"line":20,"column":16},"end":{"line":20,"column":18}},"5":{"start":{"line":22,"column":4},"end":{"line":48,"column":5}},"6":{"start":{"line":22,"column":17},"end":{"line":22,"column":18}},"7":{"start":{"line":24,"column":21},"end":{"line":24,"column":48}},"8":{"start":{"line":25,"column":21},"end":{"line":25,"column":25}},"9":{"start":{"line":27,"column":6},"end":{"line":29,"column":7}},"10":{"start":{"line":28,"column":8},"end":{"line":28,"column":49}},"11":{"start":{"line":34,"column":6},"end":{"line":40,"column":7}},"12":{"start":{"line":35,"column":8},"end":{"line":35,"column":40}},"13":{"start":{"line":36,"column":13},"end":{"line":40,"column":7}},"14":{"start":{"line":37,"column":8},"end":{"line":39,"column":9}},"15":{"start":{"line":38,"column":10},"end":{"line":38,"column":42}},"16":{"start":{"line":43,"column":6},"end":{"line":47,"column":7}},"17":{"start":{"line":44,"column":8},"end":{"line":44,"column":37}},"18":{"start":{"line":46,"column":8},"end":{"line":46,"column":39}},"19":{"start":{"line":50,"column":4},"end":{"line":50,"column":17}},"20":{"start":{"line":57,"column":20},"end":{"line":57,"column":43}},"21":{"start":{"line":58,"column":21},"end":{"line":58,"column":72}},"22":{"start":{"line":61,"column":19},"end":{"line":61,"column":68}},"23":{"start":{"line":63,"column":18},"end":{"line":63,"column":19}},"24":{"start":{"line":65,"column":19},"end":{"line":65,"column":29}},"25":{"start":{"line":67,"column":4},"end":{"line":80,"column":5}},"26":{"start":{"line":68,"column":25},"end":{"line":68,"column":59}},"27":{"start":{"line":70,"column":21},"end":{"line":70,"column":82}},"28":{"start":{"line":71,"column":6},"end":{"line":73,"column":7}},"29":{"start":{"line":72,"column":8},"end":{"line":72,"column":14}},"30":{"start":{"line":74,"column":6},"end":{"line":74,"column":33}},"31":{"start":{"line":75,"column":6},"end":{"line":77,"column":7}},"32":{"start":{"line":76,"column":8},"end":{"line":76,"column":14}},"33":{"start":{"line":78,"column":6},"end":{"line":78,"column":26}},"34":{"start":{"line":79,"column":6},"end":{"line":79,"column":16}},"35":{"start":{"line":82,"column":4},"end":{"line":82,"column":20}},"36":{"start":{"line":84,"column":4},"end":{"line":84,"column":19}},"37":{"start":{"line":91,"column":0},"end":{"line":91,"column":30}}},"fnMap":{"0":{"name":"(anonymous_0)","decl":{"start":{"line":8,"column":2},"end":{"line":8,"column":3}},"loc":{"start":{"line":8,"column":20},"end":{"line":12,"column":3}},"line":8},"1":{"name":"(anonymous_1)","decl":{"start":{"line":10,"column":30},"end":{"line":10,"column":31}},"loc":{"start":{"line":10,"column":35},"end":{"line":10,"column":43}},"line":10},"2":{"name":"(anonymous_2)","decl":{"start":{"line":19,"column":2},"end":{"line":19,"column":3}},"loc":{"start":{"line":19,"column":15},"end":{"line":51,"column":3}},"line":19},"3":{"name":"(anonymous_3)","decl":{"start":{"line":55,"column":2},"end":{"line":55,"column":3}},"loc":{"start":{"line":55,"column":27},"end":{"line":88,"column":3}},"line":55}},"branchMap":{"0":{"loc":{"start":{"line":27,"column":6},"end":{"line":29,"column":7}},"type":"if","locations":[{"start":{"line":27,"column":6},"end":{"line":29,"column":7}},{"start":{"line":27,"column":6},"end":{"line":29,"column":7}}],"line":27},"1":{"loc":{"start":{"line":34,"column":6},"end":{"line":40,"column":7}},"type":"if","locations":[{"start":{"line":34,"column":6},"end":{"line":40,"column":7}},{"start":{"line":34,"column":6},"end":{"line":40,"column":7}}],"line":34},"2":{"loc":{"start":{"line":34,"column":9},"end":{"line":34,"column":57}},"type":"binary-expr","locations":[{"start":{"line":34,"column":9},"end":{"line":34,"column":31}},{"start":{"line":34,"column":35},"end":{"line":34,"column":57}}],"line":34},"3":{"loc":{"start":{"line":36,"column":13},"end":{"line":40,"column":7}},"type":"if","locations":[{"start":{"line":36,"column":13},"end":{"line":40,"column":7}},{"start":{"line":36,"column":13},"end":{"line":40,"column":7}}],"line":36},"4":{"loc":{"start":{"line":37,"column":8},"end":{"line":39,"column":9}},"type":"if","locations":[{"start":{"line":37,"column":8},"end":{"line":39,"column":9}},{"start":{"line":37,"column":8},"end":{"line":39,"column":9}}],"line":37},"5":{"loc":{"start":{"line":37,"column":11},"end":{"line":37,"column":59}},"type":"binary-expr","locations":[{"start":{"line":37,"column":11},"end":{"line":37,"column":33}},{"start":{"line":37,"column":37},"end":{"line":37,"column":59}}],"line":37},"6":{"loc":{"start":{"line":43,"column":6},"end":{"line":47,"column":7}},"type":"if","locations":[{"start":{"line":43,"column":6},"end":{"line":47,"column":7}},{"start":{"line":43,"column":6},"end":{"line":47,"column":7}}],"line":43},"7":{"loc":{"start":{"line":55,"column":11},"end":{"line":55,"column":25}},"type":"default-arg","locations":[{"start":{"line":55,"column":22},"end":{"line":55,"column":25}}],"line":55},"8":{"loc":{"start":{"line":71,"column":6},"end":{"line":73,"column":7}},"type":"if","locations":[{"start":{"line":71,"column":6},"end":{"line":73,"column":7}},{"start":{"line":71,"column":6},"end":{"line":73,"column":7}}],"line":71},"9":{"loc":{"start":{"line":75,"column":6},"end":{"line":77,"column":7}},"type":"if","locations":[{"start":{"line":75,"column":6},"end":{"line":77,"column":7}},{"start":{"line":75,"column":6},"end":{"line":77,"column":7}}],"line":75}},"s":{"0":2,"1":2,"2":152,"3":2,"4":3,"5":3,"6":3,"7":228,"8":228,"9":228,"10":225,"11":228,"12":27,"13":201,"14":201,"15":24,"16":228,"17":90,"18":138,"19":3,"20":5,"21":5,"22":5,"23":5,"24":5,"25":5,"26":273,"27":273,"28":273,"29":0,"30":273,"31":273,"32":3,"33":270,"34":270,"35":5,"36":5,"37":1},"f":{"0":2,"1":152,"2":3,"3":5},"b":{"0":[225,3],"1":[27,201],"2":[228,207],"3":[201,0],"4":[24,177],"5":[201,183],"6":[90,138],"7":[4],"8":[0,273],"9":[3,270]},"_coverageSchema":"43e27e138ebf9cfc5966b082cf9a028302ed4184","hash":"f05b182ab291d4bb57e24a3a0aa6dbf87473b8d6"}
}
