TN:
SF:/Users/Junsu/Developer/RITHM/PRACTICE/NOT_PYTHON_STUFF/March5/rithm-node-markov/markov.js
FN:8,(anonymous_0)
FN:10,(anonymous_1)
FN:19,(anonymous_2)
FN:55,(anonymous_3)
FNF:4
FNH:4
FNDA:2,(anonymous_0)
FNDA:152,(anonymous_1)
FNDA:3,(anonymous_2)
FNDA:5,(anonymous_3)
DA:9,2
DA:10,152
DA:11,2
DA:20,3
DA:22,3
DA:24,228
DA:25,228
DA:27,228
DA:28,225
DA:34,228
DA:35,27
DA:36,201
DA:37,201
DA:38,24
DA:43,228
DA:44,90
DA:46,138
DA:50,3
DA:57,5
DA:58,5
DA:61,5
DA:63,5
DA:65,5
DA:67,5
DA:68,273
DA:70,273
DA:71,273
DA:72,0
DA:74,273
DA:75,273
DA:76,3
DA:78,270
DA:79,270
DA:82,5
DA:84,5
DA:91,1
LF:36
LH:35
BRDA:27,0,0,225
BRDA:27,0,1,3
BRDA:34,1,0,27
BRDA:34,1,1,201
BRDA:34,2,0,228
BRDA:34,2,1,207
BRDA:36,3,0,201
BRDA:36,3,1,0
BRDA:37,4,0,24
BRDA:37,4,1,177
BRDA:37,5,0,201
BRDA:37,5,1,183
BRDA:43,6,0,90
BRDA:43,6,1,138
BRDA:55,7,0,4
BRDA:71,8,0,0
BRDA:71,8,1,273
BRDA:75,9,0,3
BRDA:75,9,1,270
BRF:19
BRH:17
end_of_record
